生成启动时间为 2018/5/31 14:28:01。
     1>项目“E:\GitExample\HelloWorld\helloworld\helloworld\helloworld.vcxproj”在节点 2 上(build 个目标)。
     1>PrepareForBuild:
         正在创建目录“E:\GitExample\HelloWorld\helloworld\Debug\”。
       InitializeBuildStatus:
         正在创建“Debug\helloworld.unsuccessfulbuild”，因为已指定“AlwaysCreate”。
       ClCompile:
         c:\Program Files (x86)\Microsoft Visual Studio 10.0\VC\bin\CL.exe /c /ZI /nologo /W3 /WX- /Od /Oy- /D WIN32 /D _DEBUG /D _CONSOLE /D _UNICODE /D UNICODE /Gm /EHsc /RTC1 /MDd /GS /fp:precise /Zc:wchar_t /Zc:forScope /Fo"Debug\\" /Fd"Debug\vc100.pdb" /Gd /TP /analyze- /errorReport:prompt main.cpp
         main.cpp
       ManifestResourceCompile:
         c:\Program Files (x86)\Microsoft SDKs\Windows\v7.0A\bin\rc.exe /nologo /fo"Debug\helloworld.exe.embed.manifest.res" Debug\helloworld_manifest.rc 
       Link:
         c:\Program Files (x86)\Microsoft Visual Studio 10.0\VC\bin\link.exe /ERRORREPORT:PROMPT /OUT:"E:\GitExample\HelloWorld\helloworld\Debug\helloworld.exe" /INCREMENTAL /NOLOGO kernel32.lib user32.lib gdi32.lib winspool.lib comdlg32.lib advapi32.lib shell32.lib ole32.lib oleaut32.lib uuid.lib odbc32.lib odbccp32.lib /MANIFEST /ManifestFile:"Debug\helloworld.exe.intermediate.manifest" /MANIFESTUAC:"level='asInvoker' uiAccess='false'" /DEBUG /PDB:"E:\GitExample\HelloWorld\helloworld\Debug\helloworld.pdb" /SUBSYSTEM:CONSOLE /TLBID:1 /DYNAMICBASE /NXCOMPAT /IMPLIB:"E:\GitExample\HelloWorld\helloworld\Debug\helloworld.lib" /MACHINE:X86 Debug\helloworld.exe.embed.manifest.res
         Debug\main.obj
       Manifest:
         c:\Program Files (x86)\Microsoft SDKs\Windows\v7.0A\bin\mt.exe /nologo /verbose /out:"Debug\helloworld.exe.embed.manifest" /manifest Debug\helloworld.exe.intermediate.manifest
         c:\Program Files (x86)\Microsoft SDKs\Windows\v7.0A\bin\rc.exe /nologo /fo"Debug\helloworld.exe.embed.manifest.res" Debug\helloworld_manifest.rc 
       LinkEmbedManifest:
         c:\Program Files (x86)\Microsoft Visual Studio 10.0\VC\bin\link.exe /ERRORREPORT:PROMPT /OUT:"E:\GitExample\HelloWorld\helloworld\Debug\helloworld.exe" /INCREMENTAL /NOLOGO kernel32.lib user32.lib gdi32.lib winspool.lib comdlg32.lib advapi32.lib shell32.lib ole32.lib oleaut32.lib uuid.lib odbc32.lib odbccp32.lib /MANIFEST /ManifestFile:"Debug\helloworld.exe.intermediate.manifest" /MANIFESTUAC:"level='asInvoker' uiAccess='false'" /DEBUG /PDB:"E:\GitExample\HelloWorld\helloworld\Debug\helloworld.pdb" /SUBSYSTEM:CONSOLE /TLBID:1 /DYNAMICBASE /NXCOMPAT /IMPLIB:"E:\GitExample\HelloWorld\helloworld\Debug\helloworld.lib" /MACHINE:X86 Debug\helloworld.exe.embed.manifest.res
         Debug\main.obj
         helloworld.vcxproj -> E:\GitExample\HelloWorld\helloworld\Debug\helloworld.exe
       FinalizeBuildStatus:
         正在删除文件“Debug\helloworld.unsuccessfulbuild”。
         正在对“Debug\helloworld.lastbuildstate”执行 Touch 任务。
     1>已完成生成项目“E:\GitExample\HelloWorld\helloworld\helloworld\helloworld.vcxproj”(build 个目标)的操作。

生成成功。

已用时间 00:00:04.03
